<?xml version="1.0" encoding="UTF-8"?>
<testsuite name="Academy Choucair" tests="1" skipped="1" failures="0" errors="0" timestamp="2021-08-06T23:43:27" hostname="DESKTOP-QN55UBC" time="18.87">
  <properties/>
  <testcase name="Search for a automation course" classname="Academy Choucair" time="18.87">
    <skipped/>
  </testcase>
  <system-out><![CDATA[]]></system-out>
  <system-err><![CDATA[[Test worker] WARN net.thucydides.core.steps.BaseStepListener - stepStarted: net.thucydides.core.steps.ExecutedStepDescription@671f0437
[Test worker] WARN net.thucydides.core.steps.BaseStepListener - stepStarted: net.thucydides.core.steps.ExecutedStepDescription@a1225fc
[Test worker] WARN net.thucydides.core.steps.BaseStepListener - stepStarted: net.thucydides.core.steps.ExecutedStepDescription@2906cde4
ago 06, 2021 6:43:28 PM org.openqa.selenium.remote.DesiredCapabilities chrome
INFORMACIÓN: Using `new ChromeOptions()` is preferred to `DesiredCapabilities.chrome()`
[Test worker] INFO net.serenitybdd.core.webdriver.driverproviders.ProvideNewDriver - Instantiating driver
[Test worker] INFO net.serenitybdd.core.webdriver.driverproviders.ProvideNewDriver - Driver capabilities: Capabilities {acceptInsecureCerts: false, browserName: chrome, chrome.switches: --start-maximized, goog:chromeOptions: {args: [--start-maximized], extensions: []}, loggingPrefs: org.openqa.selenium.logging..., platform: ANY, version: }
Starting ChromeDriver 92.0.4515.107 (87a818b10553a07434ea9e2b6dccf3cbe7895134-refs/branch-heads/4515@{#1634}) on port 1407
Only local connections are allowed.
Please see https://chromedriver.chromium.org/security-considerations for suggestions on keeping ChromeDriver safe.
ChromeDriver was started successfully.
ago 06, 2021 6:43:32 PM org.openqa.selenium.remote.ProtocolHandshake createSession
INFORMACIÓN: Detected dialect: W3C
[Test worker] WARN net.thucydides.core.steps.BaseStepListener - stepFinished: current outcome:Search for a automation course:Given than Rose wants to learn automation at the academy Choucair
| strUser | strPassword |
| 1026306498 | Choucair2021* | [Rose open up [Rose opens the Choucair academy page]]
[Test worker] WARN net.thucydides.core.steps.BaseStepListener - stepFinished: current outcome:Search for a automation course:Given than Rose wants to learn automation at the academy Choucair
| strUser | strPassword |
| 1026306498 | Choucair2021* | [Rose open up [Rose opens the Choucair academy page]]
[Test worker] WARN net.thucydides.core.steps.BaseStepListener - stepStarted: net.thucydides.core.steps.ExecutedStepDescription@69419589
[Test worker] WARN net.thucydides.core.steps.BaseStepListener - stepStarted: net.thucydides.core.steps.ExecutedStepDescription@2c5ba8d0
[Test worker] WARN net.thucydides.core.steps.BaseStepListener - stepFinished: current outcome:Search for a automation course:Given than Rose wants to learn automation at the academy Choucair
| strUser | strPassword |
| 1026306498 | Choucair2021* | [Rose open up [Rose opens the Choucair academy page], Rose login [Rose clicks on button tat shows us the form to login]]
[Test worker] WARN net.thucydides.core.steps.BaseStepListener - stepStarted: net.thucydides.core.steps.ExecutedStepDescription@707d841f
[Test worker] WARN net.thucydides.core.steps.BaseStepListener - stepFinished: current outcome:Search for a automation course:Given than Rose wants to learn automation at the academy Choucair
| strUser | strPassword |
| 1026306498 | Choucair2021* | [Rose open up [Rose opens the Choucair academy page], Rose login [Rose clicks on button tat shows us the form to login, Rose enters '1026306498' into where do we write the user]]
[Test worker] WARN net.thucydides.core.steps.BaseStepListener - stepStarted: net.thucydides.core.steps.ExecutedStepDescription@5afa582
[Test worker] WARN net.thucydides.core.steps.BaseStepListener - stepFinished: current outcome:Search for a automation course:Given than Rose wants to learn automation at the academy Choucair
| strUser | strPassword |
| 1026306498 | Choucair2021* | [Rose open up [Rose opens the Choucair academy page], Rose login [Rose clicks on button tat shows us the form to login, Rose enters '1026306498' into where do we write the user, Rose enters 'Choucair2021*' into where do we write the password]]
[Test worker] WARN net.thucydides.core.steps.BaseStepListener - stepStarted: net.thucydides.core.steps.ExecutedStepDescription@2b22df67
[Test worker] WARN net.thucydides.core.steps.BaseStepListener - stepFinished: current outcome:Search for a automation course:Given than Rose wants to learn automation at the academy Choucair
| strUser | strPassword |
| 1026306498 | Choucair2021* | [Rose open up [Rose opens the Choucair academy page], Rose login [Rose clicks on button tat shows us the form to login, Rose enters '1026306498' into where do we write the user, Rose enters 'Choucair2021*' into where do we write the password, Rose clicks on button to confirm login]]
[Test worker] WARN net.thucydides.core.steps.BaseStepListener - stepFinished: current outcome:Search for a automation course:Given than Rose wants to learn automation at the academy Choucair
| strUser | strPassword |
| 1026306498 | Choucair2021* | [Rose open up [Rose opens the Choucair academy page], Rose login [Rose clicks on button tat shows us the form to login, Rose enters '1026306498' into where do we write the user, Rose enters 'Choucair2021*' into where do we write the password, Rose clicks on button to confirm login]]
[Test worker] WARN net.thucydides.core.steps.BaseStepListener - stepFinished: current outcome:Search for a automation course:Given than Rose wants to learn automation at the academy Choucair
| strUser | strPassword |
| 1026306498 | Choucair2021* | [Rose open up [Rose opens the Choucair academy page], Rose login [Rose clicks on button tat shows us the form to login, Rose enters '1026306498' into where do we write the user, Rose enters 'Choucair2021*' into where do we write the password, Rose clicks on button to confirm login]]
[Test worker] WARN net.thucydides.core.steps.BaseStepListener - stepStarted: net.thucydides.core.steps.ExecutedStepDescription@69341645
[Test worker] INFO net.thucydides.core.steps.ConsoleLoggingListener - TEST PENDING
[Test worker] WARN net.thucydides.core.steps.BaseStepListener - stepStarted: net.thucydides.core.steps.ExecutedStepDescription@67746f24
[Test worker] WARN net.thucydides.core.steps.BaseStepListener - testFinished: Search for a automation course:Given than Rose wants to learn automation at the academy Choucair
| strUser | strPassword |
| 1026306498 | Choucair2021* | [Rose open up [Rose opens the Choucair academy page], Rose login [Rose clicks on button tat shows us the form to login, Rose enters '1026306498' into where do we write the user, Rose enters 'Choucair2021*' into where do we write the password, Rose clicks on button to confirm login]], When she search for the course on the Choucair Academy platform
| strCourse |
|  |, Then she finds the course called
| strCourse |
| Guías Técnicas - Analista Financial |
[Test worker] WARN net.thucydides.core.steps.BaseStepListener - TestOutcomes: [Search for a automation course:Given than Rose wants to learn automation at the academy Choucair
| strUser | strPassword |
| 1026306498 | Choucair2021* | [Rose open up [Rose opens the Choucair academy page], Rose login [Rose clicks on button tat shows us the form to login, Rose enters '1026306498' into where do we write the user, Rose enters 'Choucair2021*' into where do we write the password, Rose clicks on button to confirm login]], When she search for the course on the Choucair Academy platform
| strCourse |
|  |, Then she finds the course called
| strCourse |
| Guías Técnicas - Analista Financial |]
[Test worker] WARN net.thucydides.core.steps.BaseStepListener - Final testOutcomes: [Search for a automation course:Given than Rose wants to learn automation at the academy Choucair
| strUser | strPassword |
| 1026306498 | Choucair2021* | [Rose open up [Rose opens the Choucair academy page], Rose login [Rose clicks on button tat shows us the form to login, Rose enters '1026306498' into where do we write the user, Rose enters 'Choucair2021*' into where do we write the password, Rose clicks on button to confirm login]], When she search for the course on the Choucair Academy platform
| strCourse |
|  |, Then she finds the course called
| strCourse |
| Guías Técnicas - Analista Financial |]
[Test worker] INFO net.thucydides.core.steps.ConsoleLoggingListener - 
          __  _____ _____ ____ _____   ____  _____ _   _ ____ ___ _   _  ____ 
 _       / / |_   _| ____/ ___|_   _| |  _ \| ____| \ | |  _ \_ _| \ | |/ ___|
(_)____ / /    | | |  _| \___ \ | |   | |_) |  _| |  \| | | | | ||  \| | |  _ 
 |_____/ /     | | | |___ ___) || |   |  __/| |___| |\  | |_| | || |\  | |_| |
(_)   /_/      |_| |_____|____/ |_|   |_|   |_____|_| \_|____/___|_| \_|\____|
                                                                                

TEST PENDING: Search for a automation course
---------------------------------------------------------------------------------
]]></system-err>
</testsuite>
