<?xml version="1.0" encoding="UTF-8"?>
<testsuite name="Academy Choucair" tests="1" skipped="1" failures="0" errors="0" timestamp="2021-08-12T02:03:18" hostname="DESKTOP-QN55UBC" time="23.526">
  <properties/>
  <testcase name="Search for a automation course" classname="Academy Choucair" time="23.526">
    <skipped/>
  </testcase>
  <system-out><![CDATA[]]></system-out>
  <system-err><![CDATA[[Test worker] WARN net.thucydides.core.steps.BaseStepListener - stepStarted: net.thucydides.core.steps.ExecutedStepDescription@49177c11
[Test worker] WARN net.thucydides.core.steps.BaseStepListener - stepStarted: net.thucydides.core.steps.ExecutedStepDescription@20a58dad
[Test worker] WARN net.thucydides.core.steps.BaseStepListener - stepStarted: net.thucydides.core.steps.ExecutedStepDescription@7b9d0048
ago 11, 2021 9:03:19 PM org.openqa.selenium.remote.DesiredCapabilities chrome
INFORMACIÓN: Using `new ChromeOptions()` is preferred to `DesiredCapabilities.chrome()`
[Test worker] INFO net.serenitybdd.core.webdriver.driverproviders.ProvideNewDriver - Instantiating driver
[Test worker] INFO net.serenitybdd.core.webdriver.driverproviders.ProvideNewDriver - Driver capabilities: Capabilities {acceptInsecureCerts: false, browserName: chrome, chrome.switches: --start-maximized, goog:chromeOptions: {args: [--start-maximized], extensions: []}, loggingPrefs: org.openqa.selenium.logging..., platform: ANY, version: }
Starting ChromeDriver 92.0.4515.107 (87a818b10553a07434ea9e2b6dccf3cbe7895134-refs/branch-heads/4515@{#1634}) on port 6146
Only local connections are allowed.
Please see https://chromedriver.chromium.org/security-considerations for suggestions on keeping ChromeDriver safe.
ChromeDriver was started successfully.
ago 11, 2021 9:03:23 PM org.openqa.selenium.remote.ProtocolHandshake createSession
INFORMACIÓN: Detected dialect: W3C
[Test worker] WARN net.thucydides.core.steps.BaseStepListener - stepFinished: current outcome:Search for a automation course:Given than Rose wants to learn automation at the academy Choucair
| strUser | strPassword |
| 1026306498 | Choucair2021* | [Rose open up [Rose opens the Choucair academy page]]
[Test worker] WARN net.thucydides.core.steps.BaseStepListener - stepFinished: current outcome:Search for a automation course:Given than Rose wants to learn automation at the academy Choucair
| strUser | strPassword |
| 1026306498 | Choucair2021* | [Rose open up [Rose opens the Choucair academy page]]
[Test worker] WARN net.thucydides.core.steps.BaseStepListener - stepStarted: net.thucydides.core.steps.ExecutedStepDescription@2d59c1c7
[Test worker] WARN net.thucydides.core.steps.BaseStepListener - stepStarted: net.thucydides.core.steps.ExecutedStepDescription@6ecc0ed8
[Test worker] WARN net.thucydides.core.steps.BaseStepListener - stepFinished: current outcome:Search for a automation course:Given than Rose wants to learn automation at the academy Choucair
| strUser | strPassword |
| 1026306498 | Choucair2021* | [Rose open up [Rose opens the Choucair academy page], Rose login [Rose clicks on button tat shows us the form to login]]
[Test worker] WARN net.thucydides.core.steps.BaseStepListener - stepStarted: net.thucydides.core.steps.ExecutedStepDescription@722349fe
[Test worker] WARN net.thucydides.core.steps.BaseStepListener - stepFinished: current outcome:Search for a automation course:Given than Rose wants to learn automation at the academy Choucair
| strUser | strPassword |
| 1026306498 | Choucair2021* | [Rose open up [Rose opens the Choucair academy page], Rose login [Rose clicks on button tat shows us the form to login, Rose enters '1026306498' into where do we write the user]]
[Test worker] WARN net.thucydides.core.steps.BaseStepListener - stepStarted: net.thucydides.core.steps.ExecutedStepDescription@dbdfde6
[Test worker] WARN net.thucydides.core.steps.BaseStepListener - stepFinished: current outcome:Search for a automation course:Given than Rose wants to learn automation at the academy Choucair
| strUser | strPassword |
| 1026306498 | Choucair2021* | [Rose open up [Rose opens the Choucair academy page], Rose login [Rose clicks on button tat shows us the form to login, Rose enters '1026306498' into where do we write the user, Rose enters 'Choucair2021*' into where do we write the password]]
[Test worker] WARN net.thucydides.core.steps.BaseStepListener - stepStarted: net.thucydides.core.steps.ExecutedStepDescription@3a0210f5
[Test worker] WARN net.thucydides.core.steps.BaseStepListener - stepFinished: current outcome:Search for a automation course:Given than Rose wants to learn automation at the academy Choucair
| strUser | strPassword |
| 1026306498 | Choucair2021* | [Rose open up [Rose opens the Choucair academy page], Rose login [Rose clicks on button tat shows us the form to login, Rose enters '1026306498' into where do we write the user, Rose enters 'Choucair2021*' into where do we write the password, Rose clicks on button to confirm login]]
[Test worker] WARN net.thucydides.core.steps.BaseStepListener - stepFinished: current outcome:Search for a automation course:Given than Rose wants to learn automation at the academy Choucair
| strUser | strPassword |
| 1026306498 | Choucair2021* | [Rose open up [Rose opens the Choucair academy page], Rose login [Rose clicks on button tat shows us the form to login, Rose enters '1026306498' into where do we write the user, Rose enters 'Choucair2021*' into where do we write the password, Rose clicks on button to confirm login]]
[Test worker] WARN net.thucydides.core.steps.BaseStepListener - stepFinished: current outcome:Search for a automation course:Given than Rose wants to learn automation at the academy Choucair
| strUser | strPassword |
| 1026306498 | Choucair2021* | [Rose open up [Rose opens the Choucair academy page], Rose login [Rose clicks on button tat shows us the form to login, Rose enters '1026306498' into where do we write the user, Rose enters 'Choucair2021*' into where do we write the password, Rose clicks on button to confirm login]]
[Test worker] WARN net.thucydides.core.steps.BaseStepListener - stepStarted: net.thucydides.core.steps.ExecutedStepDescription@2e94209
[Test worker] INFO net.thucydides.core.steps.ConsoleLoggingListener - TEST PENDING
[Test worker] WARN net.thucydides.core.steps.BaseStepListener - stepStarted: net.thucydides.core.steps.ExecutedStepDescription@536bce1
[Test worker] WARN net.thucydides.core.steps.BaseStepListener - testFinished: Search for a automation course:Given than Rose wants to learn automation at the academy Choucair
| strUser | strPassword |
| 1026306498 | Choucair2021* | [Rose open up [Rose opens the Choucair academy page], Rose login [Rose clicks on button tat shows us the form to login, Rose enters '1026306498' into where do we write the user, Rose enters 'Choucair2021*' into where do we write the password, Rose clicks on button to confirm login]], When she search for the course Recursos Automatizacion Bancolombia on the Choucair Academy platform
| strCourse |
| Metodologia Bancolombia |, Then she finds the course called Recursos Automatizacion Bancolombia
| strCourse |
| Metodologia Bancolombia |
[Test worker] WARN net.thucydides.core.steps.BaseStepListener - TestOutcomes: [Search for a automation course:Given than Rose wants to learn automation at the academy Choucair
| strUser | strPassword |
| 1026306498 | Choucair2021* | [Rose open up [Rose opens the Choucair academy page], Rose login [Rose clicks on button tat shows us the form to login, Rose enters '1026306498' into where do we write the user, Rose enters 'Choucair2021*' into where do we write the password, Rose clicks on button to confirm login]], When she search for the course Recursos Automatizacion Bancolombia on the Choucair Academy platform
| strCourse |
| Metodologia Bancolombia |, Then she finds the course called Recursos Automatizacion Bancolombia
| strCourse |
| Metodologia Bancolombia |]
[Test worker] WARN net.thucydides.core.steps.BaseStepListener - Final testOutcomes: [Search for a automation course:Given than Rose wants to learn automation at the academy Choucair
| strUser | strPassword |
| 1026306498 | Choucair2021* | [Rose open up [Rose opens the Choucair academy page], Rose login [Rose clicks on button tat shows us the form to login, Rose enters '1026306498' into where do we write the user, Rose enters 'Choucair2021*' into where do we write the password, Rose clicks on button to confirm login]], When she search for the course Recursos Automatizacion Bancolombia on the Choucair Academy platform
| strCourse |
| Metodologia Bancolombia |, Then she finds the course called Recursos Automatizacion Bancolombia
| strCourse |
| Metodologia Bancolombia |]
[Test worker] INFO net.thucydides.core.steps.ConsoleLoggingListener - 
          __  _____ _____ ____ _____   ____  _____ _   _ ____ ___ _   _  ____ 
 _       / / |_   _| ____/ ___|_   _| |  _ \| ____| \ | |  _ \_ _| \ | |/ ___|
(_)____ / /    | | |  _| \___ \ | |   | |_) |  _| |  \| | | | | ||  \| | |  _ 
 |_____/ /     | | | |___ ___) || |   |  __/| |___| |\  | |_| | || |\  | |_| |
(_)   /_/      |_| |_____|____/ |_|   |_|   |_____|_| \_|____/___|_| \_|\____|
                                                                                

TEST PENDING: Search for a automation course
---------------------------------------------------------------------------------
]]></system-err>
</testsuite>
